  RokidGlassDemo.cpp
D:\rokid_work\rokidglasssdkdemo_window\RokidGlassDemo\lib\include\glass.h(33,2): warning C4091: “typedef ”: 没有声明变量时忽略“SENSORID”的左侧
D:\rokid_work\rokidglasssdkdemo_window\RokidGlassDemo\lib\include\glass.h(41,2): warning C4091: “typedef ”: 没有声明变量时忽略“KEY_CODE”的左侧
D:\rokid_work\rokidglasssdkdemo_window\RokidGlassDemo\lib\include\glass.h(58,2): warning C4091: “typedef ”: 没有声明变量时忽略“TOUCH_EVENT”的左侧
D:\rokid_work\rokidglasssdkdemo_window\RokidGlassDemo\lib\include\glass.h(65,2): warning C4091: “typedef ”: 没有声明变量时忽略“VIDEO_TYPE”的左侧
D:\rokid_work\rokidglasssdkdemo_window\RokidGlassDemo\RokidGlassDemo.cpp(25,22): warning C4474: printf: 格式字符串中传递的参数太多
D:\rokid_work\rokidglasssdkdemo_window\RokidGlassDemo\RokidGlassDemo.cpp(25,22): message : 占位符和其参数预计 0 可变参数，但提供的却是 5 参数
D:\rokid_work\rokidglasssdkdemo_window\RokidGlassDemo\RokidGlassDemo.cpp(27,25): warning C4474: printf: 格式字符串中传递的参数太多
D:\rokid_work\rokidglasssdkdemo_window\RokidGlassDemo\RokidGlassDemo.cpp(27,25): message : 占位符和其参数预计 0 可变参数，但提供的却是 5 参数
D:\rokid_work\rokidglasssdkdemo_window\RokidGlassDemo\RokidGlassDemo.cpp(29,23): warning C4474: printf: 格式字符串中传递的参数太多
D:\rokid_work\rokidglasssdkdemo_window\RokidGlassDemo\RokidGlassDemo.cpp(29,23): message : 占位符和其参数预计 0 可变参数，但提供的却是 5 参数
D:\rokid_work\rokidglasssdkdemo_window\RokidGlassDemo\RokidGlassDemo.cpp(33,21): warning C4474: printf: 格式字符串中传递的参数太多
D:\rokid_work\rokidglasssdkdemo_window\RokidGlassDemo\RokidGlassDemo.cpp(33,21): message : 占位符和其参数预计 0 可变参数，但提供的却是 3 参数
D:\rokid_work\rokidglasssdkdemo_window\RokidGlassDemo\RokidGlassDemo.cpp(37,24): warning C4474: printf: 格式字符串中传递的参数太多
D:\rokid_work\rokidglasssdkdemo_window\RokidGlassDemo\RokidGlassDemo.cpp(37,24): message : 占位符和其参数预计 0 可变参数，但提供的却是 3 参数
D:\rokid_work\rokidglasssdkdemo_window\RokidGlassDemo\RokidGlassDemo.cpp(41,29): warning C4474: printf: 格式字符串中传递的参数太多
D:\rokid_work\rokidglasssdkdemo_window\RokidGlassDemo\RokidGlassDemo.cpp(41,29): message : 占位符和其参数预计 0 可变参数，但提供的却是 2 参数
D:\rokid_work\rokidglasssdkdemo_window\RokidGlassDemo\RokidGlassDemo.cpp(45,25): warning C4474: printf: 格式字符串中传递的参数太多
D:\rokid_work\rokidglasssdkdemo_window\RokidGlassDemo\RokidGlassDemo.cpp(45,25): message : 占位符和其参数预计 0 可变参数，但提供的却是 2 参数
D:\rokid_work\rokidglasssdkdemo_window\RokidGlassDemo\RokidGlassDemo.cpp(124,14): warning C4101: “fileName”: 未引用的局部变量
  RokidGlassDemo.vcxproj -> D:\rokid_work\rokidglasssdkdemo_window\RokidGlassDemo\x64\Debug\RokidGlassDemo.exe
